2024-04-17 15:13:03.664 | INFO     | src.amhs.tc_assign:task_assign_new:35 - run status: True
2024-04-17 15:13:21.690 | INFO     | src.amhs.tc_in:vehicle_load:74 - Available vehicles number is:999
2024-04-17 15:13:27.050 | INFO     | src.amhs.tc_in:read_instructions:166 - this is the task count:0
2024-04-17 15:13:34.846 | INFO     | src.amhs.tc_assign:task_assign_new:60 - this is the car count in the mission batch:2,0
2024-04-17 15:13:34.846 | INFO     | src.amhs.tc_assign:task_assign_new:61 - this is the task count in the mission batch:2,0
2024-04-17 15:13:34.846 | INFO     | src.amhs.tc_assign:task_assign_new:62 - this is the task batch:2
2024-04-17 15:13:35.978 | INFO     | src.amhs.tc_assign:task_assign_new:35 - run status: True
2024-04-17 15:15:16.111 | INFO     | src.amhs.tc_in:vehicle_load:74 - Available vehicles number is:999
2024-04-17 15:15:22.190 | INFO     | src.amhs.tc_in:read_instructions:166 - this is the task count:314
2024-04-17 15:30:24.650 | INFO     | src.amhs.tc_assign:task_assign_new:60 - this is the car count in the mission batch:3,314
2024-04-17 15:30:25.356 | INFO     | src.amhs.tc_assign:task_assign_new:61 - this is the task count in the mission batch:3,314
2024-04-17 15:30:26.265 | INFO     | src.amhs.tc_assign:task_assign_new:62 - this is the task batch:3
2024-04-17 15:31:51.078 | INFO     | src.amhs.tc_assign:task_assign_new:35 - run status: True
2024-04-17 15:31:57.469 | INFO     | src.amhs.tc_in:vehicle_load:74 - Available vehicles number is:1000
2024-04-17 15:31:57.480 | INFO     | src.amhs.tc_in:read_instructions:166 - this is the task count:5
2024-04-17 15:32:07.277 | INFO     | src.amhs.tc_assign:task_assign_new:60 - this is the car count in the mission batch:4,5
2024-04-17 15:32:07.277 | INFO     | src.amhs.tc_assign:task_assign_new:61 - this is the task count in the mission batch:4,319
2024-04-17 15:32:07.277 | INFO     | src.amhs.tc_assign:task_assign_new:62 - this is the task batch:4
2024-04-17 15:32:07.278 | INFO     | src.amhs.tc_assign:task_assign_new:35 - run status: True
2024-04-17 15:32:20.396 | INFO     | src.amhs.tc_in:vehicle_load:74 - Available vehicles number is:1000
2024-04-17 15:32:20.405 | INFO     | src.amhs.tc_in:read_instructions:166 - this is the task count:5
2024-04-17 15:32:20.480 | INFO     | src.amhs.tc_assign:task_assign_new:60 - this is the car count in the mission batch:5,5
2024-04-17 15:32:20.481 | INFO     | src.amhs.tc_assign:task_assign_new:61 - this is the task count in the mission batch:5,324
2024-04-17 15:32:20.481 | INFO     | src.amhs.tc_assign:task_assign_new:62 - this is the task batch:5
2024-04-17 15:32:20.481 | INFO     | src.amhs.tc_assign:task_assign_new:35 - run status: True
2024-04-17 15:32:38.070 | INFO     | src.amhs.tc_in:vehicle_load:74 - Available vehicles number is:1000
2024-04-17 15:32:38.084 | INFO     | src.amhs.tc_in:read_instructions:166 - this is the task count:14
2024-04-17 15:32:38.323 | INFO     | src.amhs.tc_assign:task_assign_new:60 - this is the car count in the mission batch:6,14
2024-04-17 15:32:38.324 | INFO     | src.amhs.tc_assign:task_assign_new:61 - this is the task count in the mission batch:6,337
2024-04-17 15:32:38.324 | INFO     | src.amhs.tc_assign:task_assign_new:62 - this is the task batch:6
2024-04-17 15:32:38.324 | INFO     | src.amhs.tc_assign:task_assign_new:35 - run status: True
2024-04-17 15:32:55.628 | INFO     | src.amhs.tc_in:vehicle_load:74 - Available vehicles number is:1000
2024-04-17 15:32:55.638 | INFO     | src.amhs.tc_in:read_instructions:166 - this is the task count:21
2024-04-17 15:32:56.031 | INFO     | src.amhs.tc_assign:task_assign_new:60 - this is the car count in the mission batch:7,21
2024-04-17 15:32:56.031 | INFO     | src.amhs.tc_assign:task_assign_new:61 - this is the task count in the mission batch:7,357
2024-04-17 15:32:56.031 | INFO     | src.amhs.tc_assign:task_assign_new:62 - this is the task batch:7
2024-04-17 15:32:56.031 | INFO     | src.amhs.tc_assign:task_assign_new:35 - run status: True
2024-04-17 15:33:04.787 | INFO     | src.amhs.tc_in:vehicle_load:74 - Available vehicles number is:1000
2024-04-17 15:33:04.796 | INFO     | src.amhs.tc_in:read_instructions:166 - this is the task count:10
2024-04-17 15:33:04.975 | INFO     | src.amhs.tc_assign:task_assign_new:60 - this is the car count in the mission batch:8,10
2024-04-17 15:33:04.975 | INFO     | src.amhs.tc_assign:task_assign_new:61 - this is the task count in the mission batch:8,367
2024-04-17 15:33:04.976 | INFO     | src.amhs.tc_assign:task_assign_new:62 - this is the task batch:8
2024-04-17 15:33:04.976 | INFO     | src.amhs.tc_assign:task_assign_new:35 - run status: True
2024-04-17 15:33:18.795 | INFO     | src.amhs.tc_in:vehicle_load:74 - Available vehicles number is:1000
2024-04-17 15:33:18.803 | INFO     | src.amhs.tc_in:read_instructions:166 - this is the task count:2
2024-04-17 15:33:18.866 | INFO     | src.amhs.tc_assign:task_assign_new:60 - this is the car count in the mission batch:9,2
2024-04-17 15:33:18.867 | INFO     | src.amhs.tc_assign:task_assign_new:61 - this is the task count in the mission batch:9,369
2024-04-17 15:33:18.867 | INFO     | src.amhs.tc_assign:task_assign_new:62 - this is the task batch:9
2024-04-17 15:33:18.867 | INFO     | src.amhs.tc_assign:task_assign_new:35 - run status: True
2024-04-17 15:33:34.411 | INFO     | src.amhs.tc_in:vehicle_load:74 - Available vehicles number is:1000
2024-04-17 15:33:34.424 | INFO     | src.amhs.tc_in:read_instructions:166 - this is the task count:19
2024-04-17 15:33:34.836 | INFO     | src.amhs.tc_assign:task_assign_new:60 - this is the car count in the mission batch:10,19
2024-04-17 15:33:34.837 | INFO     | src.amhs.tc_assign:task_assign_new:61 - this is the task count in the mission batch:10,386
2024-04-17 15:33:34.837 | INFO     | src.amhs.tc_assign:task_assign_new:62 - this is the task batch:10
2024-04-17 15:33:34.837 | INFO     | src.amhs.tc_assign:task_assign_new:35 - run status: True
2024-04-17 15:33:42.679 | INFO     | src.amhs.tc_in:vehicle_load:74 - Available vehicles number is:1000
2024-04-17 15:33:42.689 | INFO     | src.amhs.tc_in:read_instructions:166 - this is the task count:22
2024-04-17 15:33:43.052 | INFO     | src.amhs.tc_assign:task_assign_new:60 - this is the car count in the mission batch:11,22
2024-04-17 15:33:43.052 | INFO     | src.amhs.tc_assign:task_assign_new:61 - this is the task count in the mission batch:11,400
2024-04-17 15:33:43.052 | INFO     | src.amhs.tc_assign:task_assign_new:62 - this is the task batch:11
2024-04-17 15:33:43.052 | INFO     | src.amhs.tc_assign:task_assign_new:35 - run status: True
2024-04-17 15:34:00.113 | INFO     | src.amhs.tc_in:vehicle_load:74 - Available vehicles number is:1000
2024-04-17 15:34:00.124 | INFO     | src.amhs.tc_in:read_instructions:166 - this is the task count:15
2024-04-17 15:51:07.605 | INFO     | src.amhs.tc_assign:task_assign_new:60 - this is the car count in the mission batch:12,15
2024-04-17 15:51:07.606 | INFO     | src.amhs.tc_assign:task_assign_new:61 - this is the task count in the mission batch:12,414
2024-04-17 15:51:09.630 | INFO     | src.amhs.tc_assign:task_assign_new:62 - this is the task batch:12
2024-04-17 15:51:09.630 | INFO     | src.amhs.tc_assign:task_assign_new:35 - run status: True
2024-04-17 15:51:22.916 | INFO     | src.amhs.tc_in:vehicle_load:74 - Available vehicles number is:1000
2024-04-17 15:51:22.926 | INFO     | src.amhs.tc_in:read_instructions:166 - this is the task count:11
2024-04-17 15:51:23.166 | INFO     | src.amhs.tc_assign:task_assign_new:60 - this is the car count in the mission batch:13,11
2024-04-17 15:51:23.166 | INFO     | src.amhs.tc_assign:task_assign_new:61 - this is the task count in the mission batch:13,425
2024-04-17 15:51:26.673 | INFO     | src.amhs.tc_assign:task_assign_new:62 - this is the task batch:13
2024-04-17 15:51:26.673 | INFO     | src.amhs.tc_assign:task_assign_new:35 - run status: True
2024-04-17 15:51:36.117 | INFO     | src.amhs.tc_in:vehicle_load:74 - Available vehicles number is:1000
2024-04-17 15:51:36.126 | INFO     | src.amhs.tc_in:read_instructions:166 - this is the task count:13
2024-04-17 15:51:36.431 | INFO     | src.amhs.tc_assign:task_assign_new:60 - this is the car count in the mission batch:14,13
2024-04-17 15:51:36.432 | INFO     | src.amhs.tc_assign:task_assign_new:61 - this is the task count in the mission batch:14,436
2024-04-17 15:51:42.756 | INFO     | src.amhs.tc_assign:task_assign_new:62 - this is the task batch:14
2024-04-17 15:51:42.756 | INFO     | src.amhs.tc_assign:task_assign_new:35 - run status: True
2024-04-17 15:51:52.582 | INFO     | src.amhs.tc_in:vehicle_load:74 - Available vehicles number is:1000
2024-04-17 15:51:52.591 | INFO     | src.amhs.tc_in:read_instructions:166 - this is the task count:6
2024-04-17 15:51:52.682 | INFO     | src.amhs.tc_assign:task_assign_new:60 - this is the car count in the mission batch:15,6
2024-04-17 15:51:52.682 | INFO     | src.amhs.tc_assign:task_assign_new:61 - this is the task count in the mission batch:15,442
2024-04-17 15:51:52.682 | INFO     | src.amhs.tc_assign:task_assign_new:62 - this is the task batch:15
2024-04-17 15:51:52.682 | INFO     | src.amhs.tc_assign:task_assign_new:35 - run status: True
2024-04-17 15:52:07.552 | INFO     | src.amhs.tc_in:vehicle_load:74 - Available vehicles number is:1000
2024-04-17 15:52:07.562 | INFO     | src.amhs.tc_in:read_instructions:166 - this is the task count:17
2024-04-17 15:52:07.878 | INFO     | src.amhs.tc_assign:task_assign_new:60 - this is the car count in the mission batch:16,17
2024-04-17 15:52:07.878 | INFO     | src.amhs.tc_assign:task_assign_new:61 - this is the task count in the mission batch:16,459
2024-04-17 15:52:07.879 | INFO     | src.amhs.tc_assign:task_assign_new:62 - this is the task batch:16
2024-04-17 15:52:07.879 | INFO     | src.amhs.tc_assign:task_assign_new:35 - run status: True
2024-04-17 15:52:25.161 | INFO     | src.amhs.tc_in:vehicle_load:74 - Available vehicles number is:1000
2024-04-17 15:52:25.171 | INFO     | src.amhs.tc_in:read_instructions:166 - this is the task count:25
2024-04-17 15:52:25.849 | INFO     | src.amhs.tc_assign:task_assign_new:60 - this is the car count in the mission batch:17,25
2024-04-17 15:52:25.849 | INFO     | src.amhs.tc_assign:task_assign_new:61 - this is the task count in the mission batch:17,483
2024-04-17 15:52:25.849 | INFO     | src.amhs.tc_assign:task_assign_new:62 - this is the task batch:17
2024-04-17 15:52:25.849 | INFO     | src.amhs.tc_assign:task_assign_new:35 - run status: True
2024-04-17 15:52:40.716 | INFO     | src.amhs.tc_in:vehicle_load:74 - Available vehicles number is:1000
2024-04-17 15:52:40.770 | INFO     | src.amhs.tc_in:read_instructions:166 - this is the task count:19
2024-04-17 15:52:41.259 | INFO     | src.amhs.tc_assign:task_assign_new:60 - this is the car count in the mission batch:18,19
2024-04-17 15:52:41.259 | INFO     | src.amhs.tc_assign:task_assign_new:61 - this is the task count in the mission batch:18,501
2024-04-17 15:52:41.259 | INFO     | src.amhs.tc_assign:task_assign_new:62 - this is the task batch:18
2024-04-17 15:52:41.259 | INFO     | src.amhs.tc_assign:task_assign_new:35 - run status: True
2024-04-17 15:52:53.387 | INFO     | src.amhs.tc_in:vehicle_load:74 - Available vehicles number is:1000
2024-04-17 15:52:53.397 | INFO     | src.amhs.tc_in:read_instructions:166 - this is the task count:17
2024-04-17 15:52:53.705 | INFO     | src.amhs.tc_assign:task_assign_new:60 - this is the car count in the mission batch:19,17
2024-04-17 15:52:53.705 | INFO     | src.amhs.tc_assign:task_assign_new:61 - this is the task count in the mission batch:19,515
2024-04-17 15:52:53.705 | INFO     | src.amhs.tc_assign:task_assign_new:62 - this is the task batch:19
2024-04-17 15:52:53.705 | INFO     | src.amhs.tc_assign:task_assign_new:35 - run status: True
2024-04-17 15:53:09.501 | INFO     | src.amhs.tc_in:vehicle_load:74 - Available vehicles number is:1000
2024-04-17 15:53:09.512 | INFO     | src.amhs.tc_in:read_instructions:166 - this is the task count:4
2024-04-17 15:53:09.588 | INFO     | src.amhs.tc_assign:task_assign_new:60 - this is the car count in the mission batch:20,4
2024-04-17 15:53:09.588 | INFO     | src.amhs.tc_assign:task_assign_new:61 - this is the task count in the mission batch:20,519
2024-04-17 15:53:09.588 | INFO     | src.amhs.tc_assign:task_assign_new:62 - this is the task batch:20
2024-04-17 15:53:09.589 | INFO     | src.amhs.tc_assign:task_assign_new:35 - run status: True
2024-04-17 15:53:23.686 | INFO     | src.amhs.tc_in:vehicle_load:74 - Available vehicles number is:1000
2024-04-17 15:53:23.697 | INFO     | src.amhs.tc_in:read_instructions:166 - this is the task count:27
2024-04-17 15:53:24.251 | INFO     | src.amhs.tc_assign:task_assign_new:60 - this is the car count in the mission batch:21,27
2024-04-17 15:53:24.251 | INFO     | src.amhs.tc_assign:task_assign_new:61 - this is the task count in the mission batch:21,546
2024-04-17 15:53:24.251 | INFO     | src.amhs.tc_assign:task_assign_new:62 - this is the task batch:21
2024-04-17 15:53:24.252 | INFO     | src.amhs.tc_assign:task_assign_new:35 - run status: True
2024-04-17 15:53:36.152 | INFO     | src.amhs.tc_in:vehicle_load:74 - Available vehicles number is:1000
2024-04-17 15:53:36.162 | INFO     | src.amhs.tc_in:read_instructions:166 - this is the task count:15
2024-04-17 15:53:36.389 | INFO     | src.amhs.tc_assign:task_assign_new:60 - this is the car count in the mission batch:22,15
2024-04-17 15:53:36.389 | INFO     | src.amhs.tc_assign:task_assign_new:61 - this is the task count in the mission batch:22,560
2024-04-17 15:53:36.390 | INFO     | src.amhs.tc_assign:task_assign_new:62 - this is the task batch:22
2024-04-17 15:53:36.390 | INFO     | src.amhs.tc_assign:task_assign_new:35 - run status: True
2024-04-17 15:53:39.668 | INFO     | src.amhs.tc_in:vehicle_load:74 - Available vehicles number is:1000
2024-04-17 15:53:39.677 | INFO     | src.amhs.tc_in:read_instructions:166 - this is the task count:6
2024-04-17 15:53:39.802 | INFO     | src.amhs.tc_assign:task_assign_new:60 - this is the car count in the mission batch:23,6
2024-04-17 15:53:39.803 | INFO     | src.amhs.tc_assign:task_assign_new:61 - this is the task count in the mission batch:23,566
2024-04-17 15:53:39.803 | INFO     | src.amhs.tc_assign:task_assign_new:62 - this is the task batch:23
2024-04-17 15:53:39.803 | INFO     | src.amhs.tc_assign:task_assign_new:35 - run status: True
2024-04-17 15:53:45.482 | INFO     | src.amhs.tc_in:vehicle_load:74 - Available vehicles number is:1000
2024-04-17 15:53:45.492 | INFO     | src.amhs.tc_in:read_instructions:166 - this is the task count:1
2024-04-17 15:53:45.516 | INFO     | src.amhs.tc_assign:task_assign_new:60 - this is the car count in the mission batch:24,1
2024-04-17 15:53:45.517 | INFO     | src.amhs.tc_assign:task_assign_new:61 - this is the task count in the mission batch:24,566
2024-04-17 15:53:45.517 | INFO     | src.amhs.tc_assign:task_assign_new:62 - this is the task batch:24
2024-04-17 15:53:45.517 | INFO     | src.amhs.tc_assign:task_assign_new:35 - run status: True
2024-04-17 15:53:57.852 | INFO     | src.amhs.tc_in:vehicle_load:74 - Available vehicles number is:997
2024-04-17 15:53:57.865 | INFO     | src.amhs.tc_in:read_instructions:166 - this is the task count:12
2024-04-17 15:53:58.088 | INFO     | src.amhs.tc_assign:task_assign_new:60 - this is the car count in the mission batch:25,12
2024-04-17 15:53:58.089 | INFO     | src.amhs.tc_assign:task_assign_new:61 - this is the task count in the mission batch:25,578
2024-04-17 15:53:58.089 | INFO     | src.amhs.tc_assign:task_assign_new:62 - this is the task batch:25
2024-04-17 15:53:58.089 | INFO     | src.amhs.tc_assign:task_assign_new:35 - run status: True
2024-04-17 15:54:03.303 | INFO     | src.amhs.tc_in:vehicle_load:74 - Available vehicles number is:875
2024-04-17 15:54:03.317 | INFO     | src.amhs.tc_in:read_instructions:166 - this is the task count:3
2024-04-17 15:54:03.359 | INFO     | src.amhs.tc_assign:task_assign_new:60 - this is the car count in the mission batch:26,3
2024-04-17 15:54:03.359 | INFO     | src.amhs.tc_assign:task_assign_new:61 - this is the task count in the mission batch:26,580
2024-04-17 15:54:03.359 | INFO     | src.amhs.tc_assign:task_assign_new:62 - this is the task batch:26
2024-04-17 15:54:03.360 | INFO     | src.amhs.tc_assign:task_assign_new:35 - run status: True
2024-04-17 15:54:04.406 | INFO     | src.amhs.tc_in:vehicle_load:74 - Available vehicles number is:818
2024-04-17 15:54:04.415 | INFO     | src.amhs.tc_in:read_instructions:166 - this is the task count:0
2024-04-17 15:54:04.416 | INFO     | src.amhs.tc_assign:task_assign_new:60 - this is the car count in the mission batch:27,0
2024-04-17 15:54:04.417 | INFO     | src.amhs.tc_assign:task_assign_new:61 - this is the task count in the mission batch:27,580
2024-04-17 15:54:04.417 | INFO     | src.amhs.tc_assign:task_assign_new:62 - this is the task batch:27
2024-04-17 15:54:04.417 | INFO     | src.amhs.tc_assign:task_assign_new:35 - run status: True
2024-04-17 15:54:05.737 | INFO     | src.amhs.tc_in:vehicle_load:74 - Available vehicles number is:822
2024-04-17 15:54:05.749 | INFO     | src.amhs.tc_in:read_instructions:166 - this is the task count:2
2024-04-17 15:54:05.793 | INFO     | src.amhs.tc_assign:task_assign_new:60 - this is the car count in the mission batch:28,2
2024-04-17 15:54:05.793 | INFO     | src.amhs.tc_assign:task_assign_new:61 - this is the task count in the mission batch:28,582
2024-04-17 15:54:05.793 | INFO     | src.amhs.tc_assign:task_assign_new:62 - this is the task batch:28
2024-04-17 15:54:05.793 | INFO     | src.amhs.tc_assign:task_assign_new:35 - run status: True
2024-04-17 15:54:07.411 | INFO     | src.amhs.tc_in:vehicle_load:74 - Available vehicles number is:822
2024-04-17 15:54:07.418 | INFO     | src.amhs.tc_in:read_instructions:166 - this is the task count:0
2024-04-17 15:54:07.419 | INFO     | src.amhs.tc_assign:task_assign_new:60 - this is the car count in the mission batch:29,0
2024-04-17 15:54:07.419 | INFO     | src.amhs.tc_assign:task_assign_new:61 - this is the task count in the mission batch:29,582
2024-04-17 15:54:07.419 | INFO     | src.amhs.tc_assign:task_assign_new:62 - this is the task batch:29
2024-04-17 15:54:07.419 | INFO     | src.amhs.tc_assign:task_assign_new:35 - run status: True
2024-04-17 15:54:08.835 | INFO     | src.amhs.tc_in:vehicle_load:74 - Available vehicles number is:838
2024-04-17 15:54:08.847 | INFO     | src.amhs.tc_in:read_instructions:166 - this is the task count:2
2024-04-17 15:54:08.906 | INFO     | src.amhs.tc_assign:task_assign_new:60 - this is the car count in the mission batch:30,2
2024-04-17 15:54:08.906 | INFO     | src.amhs.tc_assign:task_assign_new:61 - this is the task count in the mission batch:30,583
2024-04-17 15:54:08.906 | INFO     | src.amhs.tc_assign:task_assign_new:62 - this is the task batch:30
2024-04-17 15:54:08.906 | INFO     | src.amhs.tc_assign:task_assign_new:35 - run status: True
2024-04-17 15:54:10.055 | INFO     | src.amhs.tc_in:vehicle_load:74 - Available vehicles number is:923
2024-04-17 15:54:10.066 | INFO     | src.amhs.tc_in:read_instructions:166 - this is the task count:3
2024-04-17 15:54:10.203 | INFO     | src.amhs.tc_assign:task_assign_new:60 - this is the car count in the mission batch:31,3
2024-04-17 15:54:10.203 | INFO     | src.amhs.tc_assign:task_assign_new:61 - this is the task count in the mission batch:31,584
2024-04-17 15:54:10.204 | INFO     | src.amhs.tc_assign:task_assign_new:62 - this is the task batch:31
2024-04-17 15:54:10.204 | INFO     | src.amhs.tc_assign:task_assign_new:35 - run status: True
2024-04-17 15:54:12.268 | INFO     | src.amhs.tc_in:vehicle_load:74 - Available vehicles number is:941
2024-04-17 15:54:12.278 | INFO     | src.amhs.tc_in:read_instructions:166 - this is the task count:1
2024-04-17 15:54:12.292 | INFO     | src.amhs.tc_assign:task_assign_new:60 - this is the car count in the mission batch:32,1
2024-04-17 15:54:12.292 | INFO     | src.amhs.tc_assign:task_assign_new:61 - this is the task count in the mission batch:32,584
2024-04-17 15:54:12.292 | INFO     | src.amhs.tc_assign:task_assign_new:62 - this is the task batch:32
2024-04-17 15:54:12.293 | INFO     | src.amhs.tc_assign:task_assign_new:35 - run status: True
2024-04-17 15:54:13.765 | INFO     | src.amhs.tc_in:vehicle_load:74 - Available vehicles number is:948
2024-04-17 15:54:13.777 | INFO     | src.amhs.tc_in:read_instructions:166 - this is the task count:2
2024-04-17 15:54:13.826 | INFO     | src.amhs.tc_assign:task_assign_new:60 - this is the car count in the mission batch:33,2
2024-04-17 15:54:13.826 | INFO     | src.amhs.tc_assign:task_assign_new:61 - this is the task count in the mission batch:33,586
2024-04-17 15:54:13.826 | INFO     | src.amhs.tc_assign:task_assign_new:62 - this is the task batch:33
2024-04-17 15:54:13.826 | INFO     | src.amhs.tc_assign:task_assign_new:35 - run status: True
2024-04-17 15:54:16.212 | INFO     | src.amhs.tc_in:vehicle_load:74 - Available vehicles number is:957
2024-04-17 15:54:16.227 | INFO     | src.amhs.tc_in:read_instructions:166 - this is the task count:4
2024-04-17 15:54:16.313 | INFO     | src.amhs.tc_assign:task_assign_new:60 - this is the car count in the mission batch:34,4
2024-04-17 15:54:16.313 | INFO     | src.amhs.tc_assign:task_assign_new:61 - this is the task count in the mission batch:34,588
2024-04-17 15:54:16.313 | INFO     | src.amhs.tc_assign:task_assign_new:62 - this is the task batch:34
2024-04-17 15:54:16.314 | INFO     | src.amhs.tc_assign:task_assign_new:35 - run status: True
2024-04-17 15:54:17.366 | INFO     | src.amhs.tc_in:vehicle_load:74 - Available vehicles number is:958
2024-04-17 15:54:17.374 | INFO     | src.amhs.tc_in:read_instructions:166 - this is the task count:0
2024-04-17 15:54:17.375 | INFO     | src.amhs.tc_assign:task_assign_new:60 - this is the car count in the mission batch:35,0
2024-04-17 15:54:17.375 | INFO     | src.amhs.tc_assign:task_assign_new:61 - this is the task count in the mission batch:35,588
2024-04-17 15:54:17.376 | INFO     | src.amhs.tc_assign:task_assign_new:62 - this is the task batch:35
2024-04-17 15:54:17.376 | INFO     | src.amhs.tc_assign:task_assign_new:35 - run status: True
2024-04-17 15:54:20.278 | INFO     | src.amhs.tc_in:vehicle_load:74 - Available vehicles number is:958
2024-04-17 15:54:20.291 | INFO     | src.amhs.tc_in:read_instructions:166 - this is the task count:6
2024-04-17 15:54:20.426 | INFO     | src.amhs.tc_assign:task_assign_new:60 - this is the car count in the mission batch:36,6
2024-04-17 15:54:20.426 | INFO     | src.amhs.tc_assign:task_assign_new:61 - this is the task count in the mission batch:36,592
2024-04-17 15:54:20.427 | INFO     | src.amhs.tc_assign:task_assign_new:62 - this is the task batch:36
2024-04-17 15:54:20.427 | INFO     | src.amhs.tc_assign:task_assign_new:35 - run status: True
2024-04-17 15:54:21.311 | INFO     | src.amhs.tc_in:vehicle_load:74 - Available vehicles number is:958
2024-04-17 15:54:21.322 | INFO     | src.amhs.tc_in:read_instructions:166 - this is the task count:4
2024-04-17 15:54:21.394 | INFO     | src.amhs.tc_assign:task_assign_new:60 - this is the car count in the mission batch:37,4
2024-04-17 15:54:21.395 | INFO     | src.amhs.tc_assign:task_assign_new:61 - this is the task count in the mission batch:37,595
2024-04-17 15:54:21.395 | INFO     | src.amhs.tc_assign:task_assign_new:62 - this is the task batch:37
2024-04-17 15:54:21.395 | INFO     | src.amhs.tc_assign:task_assign_new:35 - run status: True
2024-04-17 15:54:23.184 | INFO     | src.amhs.tc_in:vehicle_load:74 - Available vehicles number is:958
2024-04-17 15:54:23.196 | INFO     | src.amhs.tc_in:read_instructions:166 - this is the task count:5
2024-04-17 15:54:23.283 | INFO     | src.amhs.tc_assign:task_assign_new:60 - this is the car count in the mission batch:38,5
2024-04-17 15:54:23.283 | INFO     | src.amhs.tc_assign:task_assign_new:61 - this is the task count in the mission batch:38,598
2024-04-17 15:54:23.284 | INFO     | src.amhs.tc_assign:task_assign_new:62 - this is the task batch:38
2024-04-17 15:54:23.284 | INFO     | src.amhs.tc_assign:task_assign_new:35 - run status: True
2024-04-17 15:54:25.567 | INFO     | src.amhs.tc_in:vehicle_load:74 - Available vehicles number is:958
2024-04-17 15:54:25.579 | INFO     | src.amhs.tc_in:read_instructions:166 - this is the task count:6
2024-04-17 15:54:25.697 | INFO     | src.amhs.tc_assign:task_assign_new:60 - this is the car count in the mission batch:39,6
2024-04-17 15:54:25.698 | INFO     | src.amhs.tc_assign:task_assign_new:61 - this is the task count in the mission batch:39,600
2024-04-17 15:54:25.698 | INFO     | src.amhs.tc_assign:task_assign_new:62 - this is the task batch:39
2024-04-17 15:54:25.698 | INFO     | src.amhs.tc_assign:task_assign_new:35 - run status: True
2024-04-17 15:54:28.698 | INFO     | src.amhs.tc_in:vehicle_load:74 - Available vehicles number is:955
2024-04-17 15:54:28.708 | INFO     | src.amhs.tc_in:read_instructions:166 - this is the task count:2
2024-04-17 15:54:28.735 | INFO     | src.amhs.tc_assign:task_assign_new:60 - this is the car count in the mission batch:40,2
2024-04-17 15:54:28.735 | INFO     | src.amhs.tc_assign:task_assign_new:61 - this is the task count in the mission batch:40,602
2024-04-17 15:54:28.735 | INFO     | src.amhs.tc_assign:task_assign_new:62 - this is the task batch:40
2024-04-17 15:54:28.736 | INFO     | src.amhs.tc_assign:task_assign_new:35 - run status: True
2024-04-17 15:54:30.657 | INFO     | src.amhs.tc_in:vehicle_load:74 - Available vehicles number is:916
2024-04-17 15:54:30.670 | INFO     | src.amhs.tc_in:read_instructions:166 - this is the task count:3
2024-04-17 15:54:30.734 | INFO     | src.amhs.tc_assign:task_assign_new:60 - this is the car count in the mission batch:41,3
2024-04-17 15:54:30.735 | INFO     | src.amhs.tc_assign:task_assign_new:61 - this is the task count in the mission batch:41,604
2024-04-17 15:54:30.735 | INFO     | src.amhs.tc_assign:task_assign_new:62 - this is the task batch:41
2024-04-17 15:54:30.735 | INFO     | src.amhs.tc_assign:task_assign_new:35 - run status: True
2024-04-17 15:54:32.383 | INFO     | src.amhs.tc_in:vehicle_load:74 - Available vehicles number is:874
2024-04-17 15:54:32.392 | INFO     | src.amhs.tc_in:read_instructions:166 - this is the task count:1
2024-04-17 15:54:32.419 | INFO     | src.amhs.tc_assign:task_assign_new:60 - this is the car count in the mission batch:42,1
2024-04-17 15:54:32.420 | INFO     | src.amhs.tc_assign:task_assign_new:61 - this is the task count in the mission batch:42,604
2024-04-17 15:54:32.420 | INFO     | src.amhs.tc_assign:task_assign_new:62 - this is the task batch:42
2024-04-17 15:54:32.420 | INFO     | src.amhs.tc_assign:task_assign_new:35 - run status: True
2024-04-17 15:54:32.916 | INFO     | src.amhs.tc_in:vehicle_load:74 - Available vehicles number is:933
2024-04-17 15:54:32.926 | INFO     | src.amhs.tc_in:read_instructions:166 - this is the task count:1
2024-04-17 15:54:32.946 | INFO     | src.amhs.tc_assign:task_assign_new:60 - this is the car count in the mission batch:43,1
2024-04-17 15:54:32.947 | INFO     | src.amhs.tc_assign:task_assign_new:61 - this is the task count in the mission batch:43,605
2024-04-17 15:54:32.947 | INFO     | src.amhs.tc_assign:task_assign_new:62 - this is the task batch:43
2024-04-17 15:54:32.947 | INFO     | src.amhs.tc_assign:task_assign_new:35 - run status: True
2024-04-17 15:54:34.259 | INFO     | src.amhs.tc_in:vehicle_load:74 - Available vehicles number is:959
2024-04-17 15:54:34.269 | INFO     | src.amhs.tc_in:read_instructions:166 - this is the task count:1
2024-04-17 15:54:34.287 | INFO     | src.amhs.tc_assign:task_assign_new:60 - this is the car count in the mission batch:44,1
2024-04-17 15:54:34.287 | INFO     | src.amhs.tc_assign:task_assign_new:61 - this is the task count in the mission batch:44,605
2024-04-17 15:54:34.287 | INFO     | src.amhs.tc_assign:task_assign_new:62 - this is the task batch:44
2024-04-17 15:54:34.287 | INFO     | src.amhs.tc_assign:task_assign_new:35 - run status: True
2024-04-17 15:54:36.356 | INFO     | src.amhs.tc_in:vehicle_load:74 - Available vehicles number is:983
2024-04-17 15:54:36.367 | INFO     | src.amhs.tc_in:read_instructions:166 - this is the task count:2
2024-04-17 15:54:36.406 | INFO     | src.amhs.tc_assign:task_assign_new:60 - this is the car count in the mission batch:45,2
2024-04-17 15:54:36.406 | INFO     | src.amhs.tc_assign:task_assign_new:61 - this is the task count in the mission batch:45,606
2024-04-17 15:54:36.406 | INFO     | src.amhs.tc_assign:task_assign_new:62 - this is the task batch:45
2024-04-17 15:54:36.406 | INFO     | src.amhs.tc_assign:task_assign_new:35 - run status: True
2024-04-17 15:54:38.415 | INFO     | src.amhs.tc_in:vehicle_load:74 - Available vehicles number is:994
2024-04-17 15:54:38.427 | INFO     | src.amhs.tc_in:read_instructions:166 - this is the task count:4
2024-04-17 15:54:38.532 | INFO     | src.amhs.tc_assign:task_assign_new:60 - this is the car count in the mission batch:46,4
2024-04-17 15:54:38.532 | INFO     | src.amhs.tc_assign:task_assign_new:61 - this is the task count in the mission batch:46,608
2024-04-17 15:54:38.532 | INFO     | src.amhs.tc_assign:task_assign_new:62 - this is the task batch:46
2024-04-17 15:54:38.533 | INFO     | src.amhs.tc_assign:task_assign_new:35 - run status: True
2024-04-17 15:54:40.204 | INFO     | src.amhs.tc_in:vehicle_load:74 - Available vehicles number is:997
2024-04-17 15:54:40.212 | INFO     | src.amhs.tc_in:read_instructions:166 - this is the task count:0
2024-04-17 15:54:40.213 | INFO     | src.amhs.tc_assign:task_assign_new:60 - this is the car count in the mission batch:47,0
2024-04-17 15:54:40.213 | INFO     | src.amhs.tc_assign:task_assign_new:61 - this is the task count in the mission batch:47,608
2024-04-17 15:54:40.213 | INFO     | src.amhs.tc_assign:task_assign_new:62 - this is the task batch:47
2024-04-17 15:54:40.214 | INFO     | src.amhs.tc_assign:task_assign_new:35 - run status: True
2024-04-17 15:54:41.283 | INFO     | src.amhs.tc_in:vehicle_load:74 - Available vehicles number is:998
2024-04-17 15:54:41.294 | INFO     | src.amhs.tc_in:read_instructions:166 - this is the task count:2
2024-04-17 15:54:41.329 | INFO     | src.amhs.tc_assign:task_assign_new:60 - this is the car count in the mission batch:48,2
2024-04-17 15:54:41.330 | INFO     | src.amhs.tc_assign:task_assign_new:61 - this is the task count in the mission batch:48,610
2024-04-17 15:54:41.330 | INFO     | src.amhs.tc_assign:task_assign_new:62 - this is the task batch:48
2024-04-17 15:54:41.330 | INFO     | src.amhs.tc_assign:task_assign_new:35 - run status: True
2024-04-17 15:54:42.503 | INFO     | src.amhs.tc_in:vehicle_load:74 - Available vehicles number is:998
2024-04-17 15:54:42.514 | INFO     | src.amhs.tc_in:read_instructions:166 - this is the task count:3
2024-04-17 15:54:42.572 | INFO     | src.amhs.tc_assign:task_assign_new:60 - this is the car count in the mission batch:49,3
2024-04-17 15:54:42.573 | INFO     | src.amhs.tc_assign:task_assign_new:61 - this is the task count in the mission batch:49,613
2024-04-17 15:54:42.573 | INFO     | src.amhs.tc_assign:task_assign_new:62 - this is the task batch:49
2024-04-17 15:54:42.573 | INFO     | src.amhs.tc_assign:task_assign_new:35 - run status: True
2024-04-17 15:54:44.857 | INFO     | src.amhs.tc_in:vehicle_load:74 - Available vehicles number is:998
2024-04-17 15:54:44.872 | INFO     | src.amhs.tc_in:read_instructions:166 - this is the task count:8
2024-04-17 15:54:45.132 | INFO     | src.amhs.tc_assign:task_assign_new:60 - this is the car count in the mission batch:50,8
2024-04-17 15:54:45.132 | INFO     | src.amhs.tc_assign:task_assign_new:61 - this is the task count in the mission batch:50,618
2024-04-17 15:54:45.132 | INFO     | src.amhs.tc_assign:task_assign_new:62 - this is the task batch:50
2024-04-17 15:54:45.132 | INFO     | src.amhs.tc_assign:task_assign_new:35 - run status: True
2024-04-17 15:54:46.414 | INFO     | src.amhs.tc_in:vehicle_load:74 - Available vehicles number is:998
2024-04-17 15:54:46.428 | INFO     | src.amhs.tc_in:read_instructions:166 - this is the task count:2
2024-04-17 15:54:46.506 | INFO     | src.amhs.tc_assign:task_assign_new:60 - this is the car count in the mission batch:51,2
2024-04-17 15:54:46.506 | INFO     | src.amhs.tc_assign:task_assign_new:61 - this is the task count in the mission batch:51,618
2024-04-17 15:54:46.506 | INFO     | src.amhs.tc_assign:task_assign_new:62 - this is the task batch:51
2024-04-17 15:54:46.507 | INFO     | src.amhs.tc_assign:task_assign_new:35 - run status: True
2024-04-17 15:54:47.460 | INFO     | src.amhs.tc_in:vehicle_load:74 - Available vehicles number is:998
2024-04-17 15:54:47.475 | INFO     | src.amhs.tc_in:read_instructions:166 - this is the task count:3
2024-04-17 15:54:47.568 | INFO     | src.amhs.tc_assign:task_assign_new:60 - this is the car count in the mission batch:52,3
2024-04-17 15:54:47.569 | INFO     | src.amhs.tc_assign:task_assign_new:61 - this is the task count in the mission batch:52,619
2024-04-17 15:54:47.569 | INFO     | src.amhs.tc_assign:task_assign_new:62 - this is the task batch:52
2024-04-17 15:54:47.569 | INFO     | src.amhs.tc_assign:task_assign_new:35 - run status: True
2024-04-17 15:54:49.467 | INFO     | src.amhs.tc_in:vehicle_load:74 - Available vehicles number is:998
2024-04-17 15:54:49.479 | INFO     | src.amhs.tc_in:read_instructions:166 - this is the task count:2
2024-04-17 15:54:49.567 | INFO     | src.amhs.tc_assign:task_assign_new:60 - this is the car count in the mission batch:53,2
2024-04-17 15:54:49.568 | INFO     | src.amhs.tc_assign:task_assign_new:61 - this is the task count in the mission batch:53,620
2024-04-17 15:54:49.568 | INFO     | src.amhs.tc_assign:task_assign_new:62 - this is the task batch:53
2024-04-17 15:54:49.568 | INFO     | src.amhs.tc_assign:task_assign_new:35 - run status: True
2024-04-17 15:54:50.842 | INFO     | src.amhs.tc_in:vehicle_load:74 - Available vehicles number is:998
2024-04-17 15:54:50.858 | INFO     | src.amhs.tc_in:read_instructions:166 - this is the task count:10
2024-04-17 15:54:51.108 | INFO     | src.amhs.tc_assign:task_assign_new:60 - this is the car count in the mission batch:54,10
2024-04-17 15:54:51.109 | INFO     | src.amhs.tc_assign:task_assign_new:61 - this is the task count in the mission batch:54,628
2024-04-17 15:54:51.109 | INFO     | src.amhs.tc_assign:task_assign_new:62 - this is the task batch:54
2024-04-17 15:54:51.109 | INFO     | src.amhs.tc_assign:task_assign_new:35 - run status: True
2024-04-17 15:54:52.922 | INFO     | src.amhs.tc_in:vehicle_load:74 - Available vehicles number is:998
2024-04-17 15:54:52.935 | INFO     | src.amhs.tc_in:read_instructions:166 - this is the task count:6
2024-04-17 15:54:53.158 | INFO     | src.amhs.tc_assign:task_assign_new:60 - this is the car count in the mission batch:55,6
2024-04-17 15:54:53.158 | INFO     | src.amhs.tc_assign:task_assign_new:61 - this is the task count in the mission batch:55,631
2024-04-17 15:54:53.159 | INFO     | src.amhs.tc_assign:task_assign_new:62 - this is the task batch:55
2024-04-17 15:54:53.159 | INFO     | src.amhs.tc_assign:task_assign_new:35 - run status: True
2024-04-17 15:54:54.016 | INFO     | src.amhs.tc_in:vehicle_load:74 - Available vehicles number is:998
2024-04-17 15:54:54.030 | INFO     | src.amhs.tc_in:read_instructions:166 - this is the task count:9
2024-04-17 15:54:54.209 | INFO     | src.amhs.tc_assign:task_assign_new:60 - this is the car count in the mission batch:56,9
2024-04-17 15:54:54.209 | INFO     | src.amhs.tc_assign:task_assign_new:61 - this is the task count in the mission batch:56,637
2024-04-17 15:54:54.210 | INFO     | src.amhs.tc_assign:task_assign_new:62 - this is the task batch:56
2024-04-17 15:54:54.210 | INFO     | src.amhs.tc_assign:task_assign_new:35 - run status: True
2024-04-17 15:54:56.247 | INFO     | src.amhs.tc_in:vehicle_load:74 - Available vehicles number is:1000
2024-04-17 15:54:56.267 | INFO     | src.amhs.tc_in:read_instructions:166 - this is the task count:2
2024-04-17 15:54:56.350 | INFO     | src.amhs.tc_assign:task_assign_new:60 - this is the car count in the mission batch:57,2
2024-04-17 15:54:56.350 | INFO     | src.amhs.tc_assign:task_assign_new:61 - this is the task count in the mission batch:57,638
2024-04-17 15:54:56.350 | INFO     | src.amhs.tc_assign:task_assign_new:62 - this is the task batch:57
2024-04-17 15:54:56.350 | INFO     | src.amhs.tc_assign:task_assign_new:35 - run status: True
2024-04-17 15:54:58.105 | INFO     | src.amhs.tc_in:vehicle_load:74 - Available vehicles number is:1000
2024-04-17 15:54:58.117 | INFO     | src.amhs.tc_in:read_instructions:166 - this is the task count:3
2024-04-17 15:54:58.187 | INFO     | src.amhs.tc_assign:task_assign_new:60 - this is the car count in the mission batch:58,3
2024-04-17 15:54:58.188 | INFO     | src.amhs.tc_assign:task_assign_new:61 - this is the task count in the mission batch:58,639
2024-04-17 15:54:58.188 | INFO     | src.amhs.tc_assign:task_assign_new:62 - this is the task batch:58
2024-04-17 15:54:58.188 | INFO     | src.amhs.tc_assign:task_assign_new:35 - run status: True
2024-04-17 15:55:00.683 | INFO     | src.amhs.tc_in:vehicle_load:74 - Available vehicles number is:1000
2024-04-17 15:55:00.695 | INFO     | src.amhs.tc_in:read_instructions:166 - this is the task count:2
2024-04-17 15:55:00.747 | INFO     | src.amhs.tc_assign:task_assign_new:60 - this is the car count in the mission batch:59,2
2024-04-17 15:55:00.748 | INFO     | src.amhs.tc_assign:task_assign_new:61 - this is the task count in the mission batch:59,641
2024-04-17 15:55:00.748 | INFO     | src.amhs.tc_assign:task_assign_new:62 - this is the task batch:59
2024-04-17 15:55:00.748 | INFO     | src.amhs.tc_assign:task_assign_new:35 - run status: True
2024-04-17 15:55:03.470 | INFO     | src.amhs.tc_in:vehicle_load:74 - Available vehicles number is:1000
2024-04-17 15:55:03.480 | INFO     | src.amhs.tc_in:read_instructions:166 - this is the task count:1
2024-04-17 15:55:03.495 | INFO     | src.amhs.tc_assign:task_assign_new:60 - this is the car count in the mission batch:60,1
2024-04-17 15:55:03.495 | INFO     | src.amhs.tc_assign:task_assign_new:61 - this is the task count in the mission batch:60,642
2024-04-17 15:55:03.496 | INFO     | src.amhs.tc_assign:task_assign_new:62 - this is the task batch:60
2024-04-17 15:55:03.496 | INFO     | src.amhs.tc_assign:task_assign_new:35 - run status: True
2024-04-17 15:55:05.193 | INFO     | src.amhs.tc_in:vehicle_load:74 - Available vehicles number is:1000
2024-04-17 15:55:05.204 | INFO     | src.amhs.tc_in:read_instructions:166 - this is the task count:1
2024-04-17 15:55:05.233 | INFO     | src.amhs.tc_assign:task_assign_new:60 - this is the car count in the mission batch:61,1
2024-04-17 15:55:05.234 | INFO     | src.amhs.tc_assign:task_assign_new:61 - this is the task count in the mission batch:61,642
2024-04-17 15:55:05.234 | INFO     | src.amhs.tc_assign:task_assign_new:62 - this is the task batch:61
2024-04-17 15:55:05.234 | INFO     | src.amhs.tc_assign:task_assign_new:35 - run status: True
2024-04-17 15:55:07.146 | INFO     | src.amhs.tc_in:vehicle_load:74 - Available vehicles number is:1000
2024-04-17 15:55:07.158 | INFO     | src.amhs.tc_in:read_instructions:166 - this is the task count:2
2024-04-17 15:55:07.212 | INFO     | src.amhs.tc_assign:task_assign_new:60 - this is the car count in the mission batch:62,2
2024-04-17 15:55:07.212 | INFO     | src.amhs.tc_assign:task_assign_new:61 - this is the task count in the mission batch:62,644
2024-04-17 15:55:07.212 | INFO     | src.amhs.tc_assign:task_assign_new:62 - this is the task batch:62
2024-04-17 15:55:07.212 | INFO     | src.amhs.tc_assign:task_assign_new:35 - run status: True
2024-04-17 15:55:09.270 | INFO     | src.amhs.tc_in:vehicle_load:74 - Available vehicles number is:1000
2024-04-17 15:55:09.284 | INFO     | src.amhs.tc_in:read_instructions:166 - this is the task count:4
2024-04-17 15:55:09.363 | INFO     | src.amhs.tc_assign:task_assign_new:60 - this is the car count in the mission batch:63,4
2024-04-17 15:55:09.363 | INFO     | src.amhs.tc_assign:task_assign_new:61 - this is the task count in the mission batch:63,647
2024-04-17 15:55:09.363 | INFO     | src.amhs.tc_assign:task_assign_new:62 - this is the task batch:63
2024-04-17 15:55:09.364 | INFO     | src.amhs.tc_assign:task_assign_new:35 - run status: True
2024-04-17 15:55:11.397 | INFO     | src.amhs.tc_in:vehicle_load:74 - Available vehicles number is:1000
2024-04-17 15:55:11.406 | INFO     | src.amhs.tc_in:read_instructions:166 - this is the task count:0
2024-04-17 15:55:11.407 | INFO     | src.amhs.tc_assign:task_assign_new:60 - this is the car count in the mission batch:64,0
2024-04-17 15:55:11.407 | INFO     | src.amhs.tc_assign:task_assign_new:61 - this is the task count in the mission batch:64,647
2024-04-17 15:55:11.407 | INFO     | src.amhs.tc_assign:task_assign_new:62 - this is the task batch:64
2024-04-17 15:55:11.407 | INFO     | src.amhs.tc_assign:task_assign_new:35 - run status: True
2024-04-17 15:55:13.162 | INFO     | src.amhs.tc_in:vehicle_load:74 - Available vehicles number is:1000
2024-04-17 15:55:13.198 | INFO     | src.amhs.tc_in:read_instructions:166 - this is the task count:5
2024-04-17 15:55:13.302 | INFO     | src.amhs.tc_assign:task_assign_new:60 - this is the car count in the mission batch:65,5
2024-04-17 15:55:13.302 | INFO     | src.amhs.tc_assign:task_assign_new:61 - this is the task count in the mission batch:65,651
2024-04-17 15:55:13.302 | INFO     | src.amhs.tc_assign:task_assign_new:62 - this is the task batch:65
2024-04-17 15:55:13.302 | INFO     | src.amhs.tc_assign:task_assign_new:35 - run status: True
2024-04-17 15:55:16.163 | INFO     | src.amhs.tc_in:vehicle_load:74 - Available vehicles number is:1000
2024-04-17 15:55:16.186 | INFO     | src.amhs.tc_in:read_instructions:166 - this is the task count:10
2024-04-17 15:55:16.404 | INFO     | src.amhs.tc_assign:task_assign_new:60 - this is the car count in the mission batch:66,10
2024-04-17 15:55:16.404 | INFO     | src.amhs.tc_assign:task_assign_new:61 - this is the task count in the mission batch:66,658
2024-04-17 15:55:16.405 | INFO     | src.amhs.tc_assign:task_assign_new:62 - this is the task batch:66
2024-04-17 15:55:16.405 | INFO     | src.amhs.tc_assign:task_assign_new:35 - run status: True
2024-04-17 15:55:18.093 | INFO     | src.amhs.tc_in:vehicle_load:74 - Available vehicles number is:1000
2024-04-17 15:55:18.114 | INFO     | src.amhs.tc_in:read_instructions:166 - this is the task count:6
2024-04-17 15:55:18.322 | INFO     | src.amhs.tc_assign:task_assign_new:60 - this is the car count in the mission batch:67,6
2024-04-17 15:55:18.322 | INFO     | src.amhs.tc_assign:task_assign_new:61 - this is the task count in the mission batch:67,663
2024-04-17 15:55:18.323 | INFO     | src.amhs.tc_assign:task_assign_new:62 - this is the task batch:67
2024-04-17 15:55:18.323 | INFO     | src.amhs.tc_assign:task_assign_new:35 - run status: True
2024-04-17 15:55:20.432 | INFO     | src.amhs.tc_in:vehicle_load:74 - Available vehicles number is:1000
2024-04-17 15:55:20.469 | INFO     | src.amhs.tc_in:read_instructions:166 - this is the task count:3
2024-04-17 15:55:20.579 | INFO     | src.amhs.tc_assign:task_assign_new:60 - this is the car count in the mission batch:68,3
2024-04-17 15:55:20.580 | INFO     | src.amhs.tc_assign:task_assign_new:61 - this is the task count in the mission batch:68,665
2024-04-17 15:55:20.580 | INFO     | src.amhs.tc_assign:task_assign_new:62 - this is the task batch:68
2024-04-17 15:55:20.580 | INFO     | src.amhs.tc_assign:task_assign_new:35 - run status: True
2024-04-17 15:55:21.455 | INFO     | src.amhs.tc_in:vehicle_load:74 - Available vehicles number is:1000
2024-04-17 15:55:21.467 | INFO     | src.amhs.tc_in:read_instructions:166 - this is the task count:1
2024-04-17 15:55:21.509 | INFO     | src.amhs.tc_assign:task_assign_new:60 - this is the car count in the mission batch:69,1
2024-04-17 15:55:21.510 | INFO     | src.amhs.tc_assign:task_assign_new:61 - this is the task count in the mission batch:69,665
2024-04-17 15:55:21.510 | INFO     | src.amhs.tc_assign:task_assign_new:62 - this is the task batch:69
2024-04-17 15:55:21.510 | INFO     | src.amhs.tc_assign:task_assign_new:35 - run status: True
2024-04-17 15:55:23.670 | INFO     | src.amhs.tc_in:vehicle_load:74 - Available vehicles number is:1000
2024-04-17 15:55:23.678 | INFO     | src.amhs.tc_in:read_instructions:166 - this is the task count:0
2024-04-17 15:55:23.679 | INFO     | src.amhs.tc_assign:task_assign_new:60 - this is the car count in the mission batch:70,0
2024-04-17 15:55:23.679 | INFO     | src.amhs.tc_assign:task_assign_new:61 - this is the task count in the mission batch:70,665
2024-04-17 15:55:23.679 | INFO     | src.amhs.tc_assign:task_assign_new:62 - this is the task batch:70
2024-04-17 15:55:23.679 | INFO     | src.amhs.tc_assign:task_assign_new:35 - run status: True
2024-04-17 15:55:24.436 | INFO     | src.amhs.tc_in:vehicle_load:74 - Available vehicles number is:1000
2024-04-17 15:55:24.446 | INFO     | src.amhs.tc_in:read_instructions:166 - this is the task count:0
2024-04-17 15:55:24.447 | INFO     | src.amhs.tc_assign:task_assign_new:60 - this is the car count in the mission batch:71,0
2024-04-17 15:55:24.447 | INFO     | src.amhs.tc_assign:task_assign_new:61 - this is the task count in the mission batch:71,665
2024-04-17 15:55:24.447 | INFO     | src.amhs.tc_assign:task_assign_new:62 - this is the task batch:71
2024-04-17 15:55:24.447 | INFO     | src.amhs.tc_assign:task_assign_new:35 - run status: True
2024-04-17 15:55:26.293 | INFO     | src.amhs.tc_in:vehicle_load:74 - Available vehicles number is:1000
2024-04-17 15:55:26.306 | INFO     | src.amhs.tc_in:read_instructions:166 - this is the task count:4
2024-04-17 15:55:26.383 | INFO     | src.amhs.tc_assign:task_assign_new:60 - this is the car count in the mission batch:72,4
2024-04-17 15:55:26.383 | INFO     | src.amhs.tc_assign:task_assign_new:61 - this is the task count in the mission batch:72,666
2024-04-17 15:55:26.384 | INFO     | src.amhs.tc_assign:task_assign_new:62 - this is the task batch:72
2024-04-17 15:55:26.384 | INFO     | src.amhs.tc_assign:task_assign_new:35 - run status: True
2024-04-17 15:55:27.876 | INFO     | src.amhs.tc_in:vehicle_load:74 - Available vehicles number is:1000
2024-04-17 15:55:27.887 | INFO     | src.amhs.tc_in:read_instructions:166 - this is the task count:6
2024-04-17 15:55:28.068 | INFO     | src.amhs.tc_assign:task_assign_new:60 - this is the car count in the mission batch:73,6
2024-04-17 15:55:28.068 | INFO     | src.amhs.tc_assign:task_assign_new:61 - this is the task count in the mission batch:73,672
2024-04-17 15:55:28.068 | INFO     | src.amhs.tc_assign:task_assign_new:62 - this is the task batch:73
2024-04-17 15:55:28.069 | INFO     | src.amhs.tc_assign:task_assign_new:35 - run status: True
2024-04-17 15:55:30.506 | INFO     | src.amhs.tc_in:vehicle_load:74 - Available vehicles number is:1000
2024-04-17 15:55:30.520 | INFO     | src.amhs.tc_in:read_instructions:166 - this is the task count:7
2024-04-17 15:55:30.662 | INFO     | src.amhs.tc_assign:task_assign_new:60 - this is the car count in the mission batch:74,7
2024-04-17 15:55:30.662 | INFO     | src.amhs.tc_assign:task_assign_new:61 - this is the task count in the mission batch:74,674
2024-04-17 15:55:30.662 | INFO     | src.amhs.tc_assign:task_assign_new:62 - this is the task batch:74
2024-04-17 15:55:30.662 | INFO     | src.amhs.tc_assign:task_assign_new:35 - run status: True
2024-04-17 15:55:32.649 | INFO     | src.amhs.tc_in:vehicle_load:74 - Available vehicles number is:1000
2024-04-17 15:55:32.660 | INFO     | src.amhs.tc_in:read_instructions:166 - this is the task count:5
2024-04-17 15:55:32.775 | INFO     | src.amhs.tc_assign:task_assign_new:60 - this is the car count in the mission batch:75,5
2024-04-17 15:55:32.776 | INFO     | src.amhs.tc_assign:task_assign_new:61 - this is the task count in the mission batch:75,679
2024-04-17 15:55:32.776 | INFO     | src.amhs.tc_assign:task_assign_new:62 - this is the task batch:75
2024-04-17 15:55:32.776 | INFO     | src.amhs.tc_assign:task_assign_new:35 - run status: True
2024-04-17 15:55:33.846 | INFO     | src.amhs.tc_in:vehicle_load:74 - Available vehicles number is:1000
2024-04-17 15:55:33.857 | INFO     | src.amhs.tc_in:read_instructions:166 - this is the task count:2
2024-04-17 15:55:33.885 | INFO     | src.amhs.tc_assign:task_assign_new:60 - this is the car count in the mission batch:76,2
2024-04-17 15:55:33.885 | INFO     | src.amhs.tc_assign:task_assign_new:61 - this is the task count in the mission batch:76,679
2024-04-17 15:55:33.885 | INFO     | src.amhs.tc_assign:task_assign_new:62 - this is the task batch:76
2024-04-17 15:55:33.885 | INFO     | src.amhs.tc_assign:task_assign_new:35 - run status: True
2024-04-17 15:55:35.493 | INFO     | src.amhs.tc_in:vehicle_load:74 - Available vehicles number is:1000
2024-04-17 15:55:35.505 | INFO     | src.amhs.tc_in:read_instructions:166 - this is the task count:5
2024-04-17 15:55:35.622 | INFO     | src.amhs.tc_assign:task_assign_new:60 - this is the car count in the mission batch:77,5
2024-04-17 15:55:35.622 | INFO     | src.amhs.tc_assign:task_assign_new:61 - this is the task count in the mission batch:77,684
2024-04-17 15:55:35.622 | INFO     | src.amhs.tc_assign:task_assign_new:62 - this is the task batch:77
2024-04-17 15:55:35.623 | INFO     | src.amhs.tc_assign:task_assign_new:35 - run status: True
2024-04-17 15:55:41.438 | INFO     | src.amhs.tc_in:vehicle_load:74 - Available vehicles number is:1000
2024-04-17 15:55:41.451 | INFO     | src.amhs.tc_in:read_instructions:166 - this is the task count:4
2024-04-17 15:55:41.623 | INFO     | src.amhs.tc_assign:task_assign_new:60 - this is the car count in the mission batch:78,4
2024-04-17 15:55:41.624 | INFO     | src.amhs.tc_assign:task_assign_new:61 - this is the task count in the mission batch:78,688
2024-04-17 15:55:41.624 | INFO     | src.amhs.tc_assign:task_assign_new:62 - this is the task batch:78
2024-04-17 15:55:41.624 | INFO     | src.amhs.tc_assign:task_assign_new:35 - run status: True
2024-04-17 15:55:49.563 | INFO     | src.amhs.tc_in:vehicle_load:74 - Available vehicles number is:999
2024-04-17 15:55:49.576 | INFO     | src.amhs.tc_in:read_instructions:166 - this is the task count:4
2024-04-17 15:55:49.657 | INFO     | src.amhs.tc_assign:task_assign_new:60 - this is the car count in the mission batch:79,4
2024-04-17 15:55:49.658 | INFO     | src.amhs.tc_assign:task_assign_new:61 - this is the task count in the mission batch:79,692
2024-04-17 15:55:49.658 | INFO     | src.amhs.tc_assign:task_assign_new:62 - this is the task batch:79
2024-04-17 15:55:49.658 | INFO     | src.amhs.tc_assign:task_assign_new:35 - run status: True
2024-04-17 15:56:02.641 | INFO     | src.amhs.tc_in:vehicle_load:74 - Available vehicles number is:998
2024-04-17 15:56:02.650 | INFO     | src.amhs.tc_in:read_instructions:166 - this is the task count:0
2024-04-17 15:56:02.651 | INFO     | src.amhs.tc_assign:task_assign_new:60 - this is the car count in the mission batch:80,0
2024-04-17 15:56:02.651 | INFO     | src.amhs.tc_assign:task_assign_new:61 - this is the task count in the mission batch:80,692
2024-04-17 15:56:02.651 | INFO     | src.amhs.tc_assign:task_assign_new:62 - this is the task batch:80
2024-04-17 15:56:02.652 | INFO     | src.amhs.tc_assign:task_assign_new:35 - run status: True
2024-04-17 15:56:08.468 | INFO     | src.amhs.tc_in:vehicle_load:74 - Available vehicles number is:998
2024-04-17 15:56:08.479 | INFO     | src.amhs.tc_in:read_instructions:166 - this is the task count:4
2024-04-17 15:56:08.591 | INFO     | src.amhs.tc_assign:task_assign_new:60 - this is the car count in the mission batch:81,4
2024-04-17 15:56:08.592 | INFO     | src.amhs.tc_assign:task_assign_new:61 - this is the task count in the mission batch:81,696
2024-04-17 15:56:08.592 | INFO     | src.amhs.tc_assign:task_assign_new:62 - this is the task batch:81
2024-04-17 15:56:08.592 | INFO     | src.amhs.tc_assign:task_assign_new:35 - run status: True
2024-04-17 15:56:21.911 | INFO     | src.amhs.tc_in:vehicle_load:74 - Available vehicles number is:994
2024-04-17 15:56:21.923 | INFO     | src.amhs.tc_in:read_instructions:166 - this is the task count:9
2024-04-17 15:56:22.183 | INFO     | src.amhs.tc_assign:task_assign_new:60 - this is the car count in the mission batch:82,9
2024-04-17 15:56:22.183 | INFO     | src.amhs.tc_assign:task_assign_new:61 - this is the task count in the mission batch:82,704
2024-04-17 15:56:22.184 | INFO     | src.amhs.tc_assign:task_assign_new:62 - this is the task batch:82
2024-04-17 15:56:22.184 | INFO     | src.amhs.tc_assign:task_assign_new:35 - run status: True
2024-04-17 15:56:32.614 | INFO     | src.amhs.tc_in:vehicle_load:74 - Available vehicles number is:992
2024-04-17 15:56:32.631 | INFO     | src.amhs.tc_in:read_instructions:166 - this is the task count:21
2024-04-17 15:56:33.198 | INFO     | src.amhs.tc_assign:task_assign_new:60 - this is the car count in the mission batch:83,21
2024-04-17 15:56:33.198 | INFO     | src.amhs.tc_assign:task_assign_new:61 - this is the task count in the mission batch:83,724
2024-04-17 15:56:33.198 | INFO     | src.amhs.tc_assign:task_assign_new:62 - this is the task batch:83
2024-04-17 15:56:33.198 | INFO     | src.amhs.tc_assign:task_assign_new:35 - run status: True
2024-04-17 15:56:48.660 | INFO     | src.amhs.tc_in:vehicle_load:74 - Available vehicles number is:998
2024-04-17 15:56:48.677 | INFO     | src.amhs.tc_in:read_instructions:166 - this is the task count:20
2024-04-17 15:56:49.240 | INFO     | src.amhs.tc_assign:task_assign_new:60 - this is the car count in the mission batch:84,20
2024-04-17 15:56:49.241 | INFO     | src.amhs.tc_assign:task_assign_new:61 - this is the task count in the mission batch:84,742
2024-04-17 15:56:49.241 | INFO     | src.amhs.tc_assign:task_assign_new:62 - this is the task batch:84
2024-04-17 15:56:49.241 | INFO     | src.amhs.tc_assign:task_assign_new:35 - run status: True
2024-04-17 15:57:00.365 | INFO     | src.amhs.tc_in:vehicle_load:74 - Available vehicles number is:994
2024-04-17 15:57:00.379 | INFO     | src.amhs.tc_in:read_instructions:166 - this is the task count:8
2024-04-17 15:57:00.718 | INFO     | src.amhs.tc_assign:task_assign_new:60 - this is the car count in the mission batch:85,8
2024-04-17 15:57:00.718 | INFO     | src.amhs.tc_assign:task_assign_new:61 - this is the task count in the mission batch:85,749
2024-04-17 15:57:00.718 | INFO     | src.amhs.tc_assign:task_assign_new:62 - this is the task batch:85
2024-04-17 15:57:00.719 | INFO     | src.amhs.tc_assign:task_assign_new:35 - run status: True
2024-04-17 15:57:10.369 | INFO     | src.amhs.tc_in:vehicle_load:74 - Available vehicles number is:996
2024-04-17 15:57:10.381 | INFO     | src.amhs.tc_in:read_instructions:166 - this is the task count:22
2024-04-17 15:57:11.093 | INFO     | src.amhs.tc_assign:task_assign_new:60 - this is the car count in the mission batch:86,22
2024-04-17 15:57:11.094 | INFO     | src.amhs.tc_assign:task_assign_new:61 - this is the task count in the mission batch:86,770
2024-04-17 15:57:11.094 | INFO     | src.amhs.tc_assign:task_assign_new:62 - this is the task batch:86
2024-04-17 15:57:11.094 | INFO     | src.amhs.tc_assign:task_assign_new:35 - run status: True
2024-04-17 15:57:14.296 | INFO     | src.amhs.tc_in:vehicle_load:74 - Available vehicles number is:1000
2024-04-17 15:57:14.307 | INFO     | src.amhs.tc_in:read_instructions:166 - this is the task count:2
2024-04-17 15:57:14.360 | INFO     | src.amhs.tc_assign:task_assign_new:60 - this is the car count in the mission batch:87,2
2024-04-17 15:57:14.361 | INFO     | src.amhs.tc_assign:task_assign_new:61 - this is the task count in the mission batch:87,772
2024-04-17 15:57:14.361 | INFO     | src.amhs.tc_assign:task_assign_new:62 - this is the task batch:87
2024-04-17 15:57:14.361 | INFO     | src.amhs.tc_assign:task_assign_new:35 - run status: True
2024-04-17 15:57:17.306 | INFO     | src.amhs.tc_in:vehicle_load:74 - Available vehicles number is:1000
2024-04-17 15:57:17.318 | INFO     | src.amhs.tc_in:read_instructions:166 - this is the task count:3
2024-04-17 15:57:17.479 | INFO     | src.amhs.tc_assign:task_assign_new:60 - this is the car count in the mission batch:88,3
2024-04-17 15:57:17.480 | INFO     | src.amhs.tc_assign:task_assign_new:61 - this is the task count in the mission batch:88,774
2024-04-17 15:57:17.480 | INFO     | src.amhs.tc_assign:task_assign_new:62 - this is the task batch:88
2024-04-17 15:57:17.480 | INFO     | src.amhs.tc_assign:task_assign_new:35 - run status: True
2024-04-17 15:57:21.921 | INFO     | src.amhs.tc_in:vehicle_load:74 - Available vehicles number is:1000
2024-04-17 15:57:21.933 | INFO     | src.amhs.tc_in:read_instructions:166 - this is the task count:4
2024-04-17 15:57:22.065 | INFO     | src.amhs.tc_assign:task_assign_new:60 - this is the car count in the mission batch:89,4
2024-04-17 15:57:22.065 | INFO     | src.amhs.tc_assign:task_assign_new:61 - this is the task count in the mission batch:89,775
2024-04-17 15:57:22.066 | INFO     | src.amhs.tc_assign:task_assign_new:62 - this is the task batch:89
2024-04-17 15:57:22.066 | INFO     | src.amhs.tc_assign:task_assign_new:35 - run status: True
2024-04-17 15:57:24.994 | INFO     | src.amhs.tc_in:vehicle_load:74 - Available vehicles number is:1000
2024-04-17 15:57:25.003 | INFO     | src.amhs.tc_in:read_instructions:166 - this is the task count:0
2024-04-17 15:57:25.004 | INFO     | src.amhs.tc_assign:task_assign_new:60 - this is the car count in the mission batch:90,0
2024-04-17 15:57:25.004 | INFO     | src.amhs.tc_assign:task_assign_new:61 - this is the task count in the mission batch:90,775
2024-04-17 15:57:25.004 | INFO     | src.amhs.tc_assign:task_assign_new:62 - this is the task batch:90
2024-04-17 15:57:25.004 | INFO     | src.amhs.tc_assign:task_assign_new:35 - run status: True
2024-04-17 15:57:28.099 | INFO     | src.amhs.tc_in:vehicle_load:74 - Available vehicles number is:1000
2024-04-17 15:57:28.110 | INFO     | src.amhs.tc_in:read_instructions:166 - this is the task count:2
2024-04-17 15:57:28.195 | INFO     | src.amhs.tc_assign:task_assign_new:60 - this is the car count in the mission batch:91,2
2024-04-17 15:57:28.195 | INFO     | src.amhs.tc_assign:task_assign_new:61 - this is the task count in the mission batch:91,775
2024-04-17 15:57:28.196 | INFO     | src.amhs.tc_assign:task_assign_new:62 - this is the task batch:91
2024-04-17 15:57:28.196 | INFO     | src.amhs.tc_assign:task_assign_new:35 - run status: True
2024-04-17 15:57:30.873 | INFO     | src.amhs.tc_in:vehicle_load:74 - Available vehicles number is:1000
2024-04-17 15:57:30.882 | INFO     | src.amhs.tc_in:read_instructions:166 - this is the task count:0
2024-04-17 15:57:30.883 | INFO     | src.amhs.tc_assign:task_assign_new:60 - this is the car count in the mission batch:92,0
2024-04-17 15:57:30.883 | INFO     | src.amhs.tc_assign:task_assign_new:61 - this is the task count in the mission batch:92,775
2024-04-17 15:57:30.883 | INFO     | src.amhs.tc_assign:task_assign_new:62 - this is the task batch:92
2024-04-17 15:57:30.883 | INFO     | src.amhs.tc_assign:task_assign_new:35 - run status: True
2024-04-17 15:57:34.313 | INFO     | src.amhs.tc_in:vehicle_load:74 - Available vehicles number is:1000
2024-04-17 15:57:34.323 | INFO     | src.amhs.tc_in:read_instructions:166 - this is the task count:0
2024-04-17 15:57:34.324 | INFO     | src.amhs.tc_assign:task_assign_new:60 - this is the car count in the mission batch:93,0
2024-04-17 15:57:34.324 | INFO     | src.amhs.tc_assign:task_assign_new:61 - this is the task count in the mission batch:93,775
2024-04-17 15:57:34.324 | INFO     | src.amhs.tc_assign:task_assign_new:62 - this is the task batch:93
2024-04-17 15:57:34.324 | INFO     | src.amhs.tc_assign:task_assign_new:35 - run status: True
2024-04-17 15:57:35.601 | INFO     | src.amhs.tc_in:vehicle_load:74 - Available vehicles number is:999
2024-04-17 15:57:35.610 | INFO     | src.amhs.tc_in:read_instructions:166 - this is the task count:0
2024-04-17 15:57:35.611 | INFO     | src.amhs.tc_assign:task_assign_new:60 - this is the car count in the mission batch:94,0
2024-04-17 15:57:35.611 | INFO     | src.amhs.tc_assign:task_assign_new:61 - this is the task count in the mission batch:94,775
2024-04-17 15:57:35.611 | INFO     | src.amhs.tc_assign:task_assign_new:62 - this is the task batch:94
2024-04-17 15:57:35.612 | INFO     | src.amhs.tc_assign:task_assign_new:35 - run status: True
2024-04-17 15:57:38.286 | INFO     | src.amhs.tc_in:vehicle_load:74 - Available vehicles number is:996
2024-04-17 15:57:38.296 | INFO     | src.amhs.tc_in:read_instructions:166 - this is the task count:0
2024-04-17 15:57:38.297 | INFO     | src.amhs.tc_assign:task_assign_new:60 - this is the car count in the mission batch:95,0
2024-04-17 15:57:38.298 | INFO     | src.amhs.tc_assign:task_assign_new:61 - this is the task count in the mission batch:95,775
2024-04-17 15:57:38.298 | INFO     | src.amhs.tc_assign:task_assign_new:62 - this is the task batch:95
2024-04-17 15:57:38.298 | INFO     | src.amhs.tc_assign:task_assign_new:35 - run status: True
2024-04-17 15:57:42.700 | INFO     | src.amhs.tc_in:vehicle_load:74 - Available vehicles number is:974
2024-04-17 15:57:42.712 | INFO     | src.amhs.tc_in:read_instructions:166 - this is the task count:1
2024-04-17 15:57:42.748 | INFO     | src.amhs.tc_assign:task_assign_new:60 - this is the car count in the mission batch:96,1
2024-04-17 15:57:42.749 | INFO     | src.amhs.tc_assign:task_assign_new:61 - this is the task count in the mission batch:96,775
2024-04-17 15:57:42.749 | INFO     | src.amhs.tc_assign:task_assign_new:62 - this is the task batch:96
2024-04-17 15:57:42.749 | INFO     | src.amhs.tc_assign:task_assign_new:35 - run status: True
2024-04-17 15:57:47.307 | INFO     | src.amhs.tc_in:vehicle_load:74 - Available vehicles number is:988
2024-04-17 15:57:47.323 | INFO     | src.amhs.tc_in:read_instructions:166 - this is the task count:2
2024-04-17 15:57:47.403 | INFO     | src.amhs.tc_assign:task_assign_new:60 - this is the car count in the mission batch:97,2
2024-04-17 15:57:47.403 | INFO     | src.amhs.tc_assign:task_assign_new:61 - this is the task count in the mission batch:97,777
2024-04-17 15:57:47.404 | INFO     | src.amhs.tc_assign:task_assign_new:62 - this is the task batch:97
2024-04-17 15:57:47.404 | INFO     | src.amhs.tc_assign:task_assign_new:35 - run status: True
2024-04-17 15:57:50.008 | INFO     | src.amhs.tc_in:vehicle_load:74 - Available vehicles number is:990
2024-04-17 15:57:50.018 | INFO     | src.amhs.tc_in:read_instructions:166 - this is the task count:2
2024-04-17 15:57:50.119 | INFO     | src.amhs.tc_assign:task_assign_new:60 - this is the car count in the mission batch:98,2
2024-04-17 15:57:50.120 | INFO     | src.amhs.tc_assign:task_assign_new:61 - this is the task count in the mission batch:98,779
2024-04-17 15:57:50.120 | INFO     | src.amhs.tc_assign:task_assign_new:62 - this is the task batch:98
2024-04-17 15:57:50.120 | INFO     | src.amhs.tc_assign:task_assign_new:35 - run status: True
2024-04-17 15:57:52.193 | INFO     | src.amhs.tc_in:vehicle_load:74 - Available vehicles number is:992
2024-04-17 15:57:52.204 | INFO     | src.amhs.tc_in:read_instructions:166 - this is the task count:2
2024-04-17 15:57:52.277 | INFO     | src.amhs.tc_assign:task_assign_new:60 - this is the car count in the mission batch:99,2
2024-04-17 15:57:52.278 | INFO     | src.amhs.tc_assign:task_assign_new:61 - this is the task count in the mission batch:99,781
2024-04-17 15:57:52.278 | INFO     | src.amhs.tc_assign:task_assign_new:62 - this is the task batch:99
2024-04-17 15:57:52.278 | INFO     | src.amhs.tc_assign:task_assign_new:35 - run status: True
2024-04-17 15:57:55.482 | INFO     | src.amhs.tc_in:vehicle_load:74 - Available vehicles number is:995
2024-04-17 15:57:55.493 | INFO     | src.amhs.tc_in:read_instructions:166 - this is the task count:3
2024-04-17 15:57:55.598 | INFO     | src.amhs.tc_assign:task_assign_new:60 - this is the car count in the mission batch:100,3
2024-04-17 15:57:55.599 | INFO     | src.amhs.tc_assign:task_assign_new:61 - this is the task count in the mission batch:100,784
2024-04-17 15:57:55.599 | INFO     | src.amhs.tc_assign:task_assign_new:62 - this is the task batch:100
2024-04-17 15:57:55.599 | INFO     | src.amhs.tc_assign:task_assign_new:35 - run status: True
2024-04-17 15:57:59.802 | INFO     | src.amhs.tc_in:vehicle_load:74 - Available vehicles number is:995
2024-04-17 15:57:59.813 | INFO     | src.amhs.tc_in:read_instructions:166 - this is the task count:3
2024-04-17 15:57:59.859 | INFO     | src.amhs.tc_assign:task_assign_new:60 - this is the car count in the mission batch:101,3
2024-04-17 15:57:59.859 | INFO     | src.amhs.tc_assign:task_assign_new:61 - this is the task count in the mission batch:101,786
2024-04-17 15:57:59.859 | INFO     | src.amhs.tc_assign:task_assign_new:62 - this is the task batch:101
2024-04-17 15:57:59.859 | INFO     | src.amhs.tc_assign:task_assign_new:35 - run status: True
2024-04-17 15:58:05.111 | INFO     | src.amhs.tc_in:vehicle_load:74 - Available vehicles number is:990
2024-04-17 15:58:05.123 | INFO     | src.amhs.tc_in:read_instructions:166 - this is the task count:17
2024-04-17 15:58:05.660 | INFO     | src.amhs.tc_assign:task_assign_new:60 - this is the car count in the mission batch:102,17
2024-04-17 15:58:05.660 | INFO     | src.amhs.tc_assign:task_assign_new:61 - this is the task count in the mission batch:102,803
2024-04-17 15:58:05.660 | INFO     | src.amhs.tc_assign:task_assign_new:62 - this is the task batch:102
2024-04-17 15:58:05.660 | INFO     | src.amhs.tc_assign:task_assign_new:35 - run status: True
2024-04-17 15:58:08.148 | INFO     | src.amhs.tc_in:vehicle_load:74 - Available vehicles number is:994
2024-04-17 15:58:08.161 | INFO     | src.amhs.tc_in:read_instructions:166 - this is the task count:8
2024-04-17 15:58:08.312 | INFO     | src.amhs.tc_assign:task_assign_new:60 - this is the car count in the mission batch:103,8
2024-04-17 15:58:08.312 | INFO     | src.amhs.tc_assign:task_assign_new:61 - this is the task count in the mission batch:103,811
2024-04-17 15:58:08.312 | INFO     | src.amhs.tc_assign:task_assign_new:62 - this is the task batch:103
2024-04-17 15:58:08.312 | INFO     | src.amhs.tc_assign:task_assign_new:35 - run status: True
2024-04-17 15:58:16.997 | INFO     | src.amhs.tc_in:vehicle_load:74 - Available vehicles number is:988
2024-04-17 15:58:17.009 | INFO     | src.amhs.tc_in:read_instructions:166 - this is the task count:12
2024-04-17 15:58:17.215 | INFO     | src.amhs.tc_assign:task_assign_new:60 - this is the car count in the mission batch:104,12
2024-04-17 15:58:17.216 | INFO     | src.amhs.tc_assign:task_assign_new:61 - this is the task count in the mission batch:104,823
2024-04-17 15:58:17.216 | INFO     | src.amhs.tc_assign:task_assign_new:62 - this is the task batch:104
2024-04-17 15:58:17.216 | INFO     | src.amhs.tc_assign:task_assign_new:35 - run status: True
2024-04-17 15:58:25.606 | INFO     | src.amhs.tc_in:vehicle_load:74 - Available vehicles number is:998
2024-04-17 15:58:25.619 | INFO     | src.amhs.tc_in:read_instructions:166 - this is the task count:28
2024-04-17 15:58:26.217 | INFO     | src.amhs.tc_assign:task_assign_new:60 - this is the car count in the mission batch:105,28
2024-04-17 15:58:26.217 | INFO     | src.amhs.tc_assign:task_assign_new:61 - this is the task count in the mission batch:105,851
2024-04-17 15:58:26.218 | INFO     | src.amhs.tc_assign:task_assign_new:62 - this is the task batch:105
2024-04-17 15:58:26.218 | INFO     | src.amhs.tc_assign:task_assign_new:35 - run status: True
2024-04-17 15:58:39.379 | INFO     | src.amhs.tc_in:vehicle_load:74 - Available vehicles number is:999
2024-04-17 15:58:39.405 | INFO     | src.amhs.tc_in:read_instructions:166 - this is the task count:18
2024-04-17 15:58:39.869 | INFO     | src.amhs.tc_assign:task_assign_new:60 - this is the car count in the mission batch:106,18
2024-04-17 15:58:39.870 | INFO     | src.amhs.tc_assign:task_assign_new:61 - this is the task count in the mission batch:106,866
2024-04-17 15:58:39.870 | INFO     | src.amhs.tc_assign:task_assign_new:62 - this is the task batch:106
2024-04-17 15:58:39.870 | INFO     | src.amhs.tc_assign:task_assign_new:35 - run status: True
2024-04-17 15:58:49.494 | INFO     | src.amhs.tc_in:vehicle_load:74 - Available vehicles number is:1000
2024-04-17 15:58:49.521 | INFO     | src.amhs.tc_in:read_instructions:166 - this is the task count:13
